<?xml version="1.0" encoding="UTF-8"?>
<!-- Generated by org.testng.reporters.JUnitReportReporter -->
<testsuite hostname="DESKTOP-RU2U5QF" failures="0" tests="1" name="demowebshop_app.asserttestscripts.RemovefromwishlistTest" time="3.862" errors="0" timestamp="2024-06-02T23:08:26 IST" skipped="0">
  <testcase classname="demowebshop_app.asserttestscripts.RemovefromwishlistTest" name="removefromwishlist" time="3.862"/>
  <system-out/>
</testsuite> <!-- demowebshop_app.asserttestscripts.RemovefromwishlistTest -->
