<?xml version="1.0" encoding="UTF-8"?>
<!-- Generated by org.testng.reporters.JUnitReportReporter -->
<testsuite hostname="DESKTOP-RU2U5QF" failures="0" tests="2" name="demowebshop_app.functionalitytest.LoginfunctonaityTest" time="20.770" errors="0" timestamp="2024-06-02T23:29:14 IST" skipped="0">
  <testcase classname="demowebshop_app.functionalitytest.LoginfunctonaityTest" name="loginTest" time="11.041"/>
  <system-out/>
  <testcase classname="demowebshop_app.functionalitytest.LoginfunctonaityTest" name="loginTest" time="9.729"/>
  <system-out/>
</testsuite> <!-- demowebshop_app.functionalitytest.LoginfunctonaityTest -->
