<?xml version="1.0" encoding="UTF-8"?>
<!-- Generated by org.testng.reporters.JUnitReportReporter -->
<testsuite hostname="DESKTOP-RU2U5QF" failures="0" tests="1" name="demowebshop_app.Testscript.AddaddressTest" time="6.542" errors="0" timestamp="2024-06-03T09:58:08 IST" skipped="0">
  <testcase classname="demowebshop_app.Testscript.AddaddressTest" name="addAddress" time="6.542"/>
  <system-out>
    <![CDATA[addAddress test script has started 
addAddresshas started Success]]>
  </system-out>
</testsuite> <!-- demowebshop_app.Testscript.AddaddressTest -->
