<?xml version="1.0" encoding="UTF-8"?>
<!-- Generated by org.testng.reporters.JUnitReportReporter -->
<testsuite hostname="DESKTOP-RU2U5QF" failures="0" tests="1" name="demowebshop_app.asserttestscripts.WishlistTest" time="4.498" errors="0" timestamp="2024-06-02T23:08:06 IST" skipped="0">
  <testcase classname="demowebshop_app.asserttestscripts.WishlistTest" name="wishlist" time="4.498"/>
  <system-out>
    <![CDATA[wishlisted]]>
  </system-out>
</testsuite> <!-- demowebshop_app.asserttestscripts.WishlistTest -->
