<?xml version="1.0" encoding="UTF-8"?>
<!-- Generated by org.testng.reporters.JUnitReportReporter -->
<testsuite hostname="DESKTOP-RU2U5QF" failures="0" tests="1" name="demowebshop_app.Testscript.AddtocartTest" time="4.028" errors="0" timestamp="2024-06-03T18:37:38 IST" skipped="0">
  <testcase classname="demowebshop_app.Testscript.AddtocartTest" name="addToCart" time="4.028"/>
  <system-out>
    <![CDATA[addToCart test script has started 
addToCarthas started Success]]>
  </system-out>
</testsuite> <!-- demowebshop_app.Testscript.AddtocartTest -->
