<?xml version="1.0" encoding="UTF-8"?>
<!-- Generated by org.testng.reporters.JUnitReportReporter -->
<testsuite hostname="DESKTOP-RU2U5QF" failures="0" tests="1" name="demowebshop_app.functionalitytest.DummyTest" time="4.611" errors="0" timestamp="2024-06-02T22:47:44 IST" skipped="0">
  <testcase classname="demowebshop_app.functionalitytest.DummyTest" name="hi" time="4.611"/>
  <system-out>
    <![CDATA[hi]]>
  </system-out>
</testsuite> <!-- demowebshop_app.functionalitytest.DummyTest -->
