<?xml version="1.0" encoding="UTF-8"?>
<!-- Generated by org.testng.reporters.JUnitReportReporter -->
<testsuite hostname="DESKTOP-RU2U5QF" failures="0" tests="1" name="demowebshop_app.Extendreportspakcage.demoforextendreportsTest" time="2.934" errors="0" timestamp="2024-06-04T18:59:36 IST" skipped="0">
  <testcase classname="demowebshop_app.Extendreportspakcage.demoforextendreportsTest" name="demo" time="2.934"/>
  <system-out>
    <![CDATA[demo test script has started 
demohas started Success]]>
  </system-out>
</testsuite> <!-- demowebshop_app.Extendreportspakcage.demoforextendreportsTest -->
